<?xml version="1.0" encoding="UTF-8"?>
<!-- Generated by org.testng.reporters.JUnitReportReporter -->
<testsuite skipped="0" hostname="CGSCLRD49429261" name="com.weatherInfo.tests.WeatherInfoHomeTest" tests="1" failures="0" timestamp="17 Dec 2020 06:28:35 GMT" time="0.019" errors="0">
  <testcase name="getCityWeatherdetails" time="0.019" classname="com.weatherInfo.tests.WeatherInfoHomeTest"/>
</testsuite> <!-- com.weatherInfo.tests.WeatherInfoHomeTest -->
