<?xml version="1.0" encoding="UTF-8"?>
<!-- Generated by org.testng.reporters.JUnitReportReporter -->
<testsuite skipped="0" hostname="CGSCLRD49429261" name="com.cleartrip.tests.ClearpageHomeTest" tests="1" failures="0" timestamp="30 Dec 2020 17:51:27 GMT" time="20.355" errors="0">
  <testcase name="searchFlightTest" time="20.355" classname="com.cleartrip.tests.ClearpageHomeTest"/>
</testsuite> <!-- com.cleartrip.tests.ClearpageHomeTest -->
